<?xml version="1.0" encoding="UTF-8"?>
<testng-results ignored="0" total="1" passed="1" failed="0" skipped="0">
  <reporter-output>
  </reporter-output>
  <suite started-at="2026-02-12T12:43:34 UTC" name="Default suite" finished-at="2026-02-12T12:43:36 UTC" duration-ms="2170">
    <groups>
    </groups>
    <test started-at="2026-02-12T12:43:34 UTC" name="Default test" finished-at="2026-02-12T12:43:36 UTC" duration-ms="2170">
      <class name="Authori_zation.Base_uri">
        <test-method signature="two()[pri:0, instance:Authori_zation.Base_uri@6adbc9d]" started-at="2026-02-12T12:43:34 UTC" name="two" finished-at="2026-02-12T12:43:36 UTC" duration-ms="2138" status="PASS">
          <reporter-output>
          </reporter-output>
        </test-method> <!-- two -->
      </class> <!-- Authori_zation.Base_uri -->
    </test> <!-- Default test -->
  </suite> <!-- Default suite -->
</testng-results>
