<?xml version="1.0" encoding="UTF-8"?>
<!-- Generated by org.testng.reporters.JUnitReportReporter -->
<testsuite hostname="ip-172-31-39-141" failures="0" tests="1" name="parameter_s.query_param" time="0.559" errors="1" timestamp="2026-02-12T12:41:41 UTC" skipped="0">
  <testcase classname="parameter_s.query_param" name="test_01" time="0.559">
    <error message="Illegal character found in host: &#039; &#039;" type="java.net.MalformedURLException">
      <![CDATA[java.net.MalformedURLException: Illegal character found in host: ' '
at java.base/java.net.URL.<init>(URL.java:806)
at java.base/java.net.URL.<init>(URL.java:654)
at java.base/java.net.URL.<init>(URL.java:590)
at org.codehaus.groovy.vmplugin.v8.IndyInterface.fromCache(IndyInterface.java:344)
at io.restassured.internal.RequestSpecificationImpl.getTargetURI(RequestSpecificationImpl.groovy:1675)
at java.base/jdk.internal.reflect.DirectMethodHandleAccessor.invoke(DirectMethodHandleAccessor.java:103)
at java.base/java.lang.reflect.Method.invoke(Method.java:580)
at org.codehaus.groovy.reflection.CachedMethod.invoke(CachedMethod.java:338)
at groovy.lang.MetaMethod.doMethodInvoke(MetaMethod.java:274)
at groovy.lang.MetaClassImpl.invokeMethod(MetaClassImpl.java:1240)
at groovy.lang.MetaClassImpl.invokeMethod(MetaClassImpl.java:1013)
at groovy.lang.MetaClassImpl.invokeMethod(MetaClassImpl.java:798)
at groovy.lang.GroovyObject.invokeMethod(GroovyObject.java:39)
at org.codehaus.groovy.vmplugin.v8.IndyInterface.fromCache(IndyInterface.java:344)
at io.restassured.internal.RequestSpecificationImpl.partiallyApplyPathParams(RequestSpecificationImpl.groovy:1819)
at java.base/jdk.internal.reflect.DirectMethodHandleAccessor.invoke(DirectMethodHandleAccessor.java:103)
at java.base/java.lang.reflect.Method.invoke(Method.java:580)
at org.codehaus.groovy.reflection.CachedMethod.invoke(CachedMethod.java:338)
at groovy.lang.MetaMethod.doMethodInvoke(MetaMethod.java:274)
at groovy.lang.MetaClassImpl.invokeMethod(MetaClassImpl.java:1240)
at groovy.lang.MetaClassImpl.invokeMethod(MetaClassImpl.java:1013)
at groovy.lang.MetaClassImpl.invokeMethod(MetaClassImpl.java:798)
at groovy.lang.GroovyObject.invokeMethod(GroovyObject.java:39)
at org.codehaus.groovy.vmplugin.v8.IndyInterface.fromCache(IndyInterface.java:344)
at io.restassured.internal.RequestSpecificationImpl.newFilterContext(RequestSpecificationImpl.groovy:1176)
at java.base/jdk.internal.reflect.DirectMethodHandleAccessor.invoke(DirectMethodHandleAccessor.java:103)
at java.base/java.lang.reflect.Method.invoke(Method.java:580)
at org.codehaus.groovy.reflection.CachedMethod.invoke(CachedMethod.java:338)
at groovy.lang.MetaMethod.doMethodInvoke(MetaMethod.java:274)
at groovy.lang.MetaClassImpl.invokeMethod(MetaClassImpl.java:1240)
at groovy.lang.MetaClassImpl.invokeMethod(MetaClassImpl.java:1013)
at groovy.lang.MetaClassImpl.invokeMethod(MetaClassImpl.java:798)
at groovy.lang.GroovyObject.invokeMethod(GroovyObject.java:39)
at org.codehaus.groovy.vmplugin.v8.IndyInterface.fromCache(IndyInterface.java:344)
at io.restassured.internal.RequestSpecificationImpl.applyPathParamsAndSendRequest(RequestSpecificationImpl.groovy:1789)
at java.base/jdk.internal.reflect.DirectMethodHandleAccessor.invoke(DirectMethodHandleAccessor.java:103)
at java.base/java.lang.reflect.Method.invoke(Method.java:580)
at org.codehaus.groovy.reflection.CachedMethod.invoke(CachedMethod.java:338)
at groovy.lang.MetaMethod.doMethodInvoke(MetaMethod.java:274)
at groovy.lang.MetaClassImpl.invokeMethod(MetaClassImpl.java:1240)
at groovy.lang.MetaClassImpl.invokeMethod(MetaClassImpl.java:1013)
at groovy.lang.MetaClassImpl.invokeMethod(MetaClassImpl.java:798)
at groovy.lang.GroovyObject.invokeMethod(GroovyObject.java:39)
at org.codehaus.groovy.vmplugin.v8.IndyInterface.fromCache(IndyInterface.java:344)
at io.restassured.internal.RequestSpecificationImpl.applyPathParamsAndSendRequest(RequestSpecificationImpl.groovy:1797)
at java.base/jdk.internal.reflect.DirectMethodHandleAccessor.invoke(DirectMethodHandleAccessor.java:103)
at java.base/java.lang.reflect.Method.invoke(Method.java:580)
at org.codehaus.groovy.reflection.CachedMethod.invoke(CachedMethod.java:338)
at groovy.lang.MetaMethod.doMethodInvoke(MetaMethod.java:274)
at groovy.lang.MetaClassImpl.invokeMethod(MetaClassImpl.java:1240)
at groovy.lang.MetaClassImpl.invokeMethod(MetaClassImpl.java:1013)
at groovy.lang.MetaClassImpl.invokeMethod(MetaClassImpl.java:798)
at groovy.lang.GroovyObject.invokeMethod(GroovyObject.java:39)
at java.base/jdk.internal.reflect.DirectMethodHandleAccessor.invoke(DirectMethodHandleAccessor.java:103)
at java.base/java.lang.reflect.Method.invoke(Method.java:580)
at org.codehaus.groovy.reflection.CachedMethod.invoke(CachedMethod.java:338)
at org.codehaus.groovy.runtime.metaclass.TransformMetaMethod.invoke(TransformMetaMethod.java:59)
at org.codehaus.groovy.runtime.metaclass.ClosureMetaClass$1.invoke(ClosureMetaClass.java:217)
at org.codehaus.groovy.runtime.metaclass.TransformMetaMethod.doMethodInvoke(TransformMetaMethod.java:66)
at org.codehaus.groovy.runtime.metaclass.ClosureMetaClass.invokeMethod(ClosureMetaClass.java:318)
at org.codehaus.groovy.vmplugin.v8.IndyInterface.fromCache(IndyInterface.java:344)
at io.restassured.internal.RequestSpecificationImpl$_get_closure1.doCall(RequestSpecificationImpl.groovy:174)
at io.restassured.internal.RequestSpecificationImpl$_get_closure1.doCall(RequestSpecificationImpl.groovy)
at java.base/jdk.internal.reflect.DirectMethodHandleAccessor.invoke(DirectMethodHandleAccessor.java:103)
at java.base/java.lang.reflect.Method.invoke(Method.java:580)
at org.codehaus.groovy.reflection.CachedMethod.invoke(CachedMethod.java:338)
at groovy.lang.MetaMethod.doMethodInvoke(MetaMethod.java:274)
at org.codehaus.groovy.runtime.metaclass.ClosureMetaClass.invokeMethod(ClosureMetaClass.java:270)
at groovy.lang.MetaClassImpl.invokeMethod(MetaClassImpl.java:1013)
at groovy.lang.Closure.call(Closure.java:471)
at org.codehaus.groovy.runtime.ConvertedClosure.invokeCustom(ConvertedClosure.java:54)
at org.codehaus.groovy.runtime.ConversionHandler.invoke(ConversionHandler.java:114)
at jdk.proxy1/jdk.proxy1.$Proxy14.get(Unknown Source)
at io.restassured.internal.assertbridge.GroovyAssertBridge.runWithUnwrap(GroovyAssertBridge.java:46)
at org.codehaus.groovy.vmplugin.v8.IndyInterface.fromCache(IndyInterface.java:344)
at io.restassured.internal.RequestSpecificationImpl.get(RequestSpecificationImpl.groovy:173)
at io.restassured.internal.RequestSpecificationImpl.get(RequestSpecificationImpl.groovy)
at parameter_s.query_param.test_01(query_param.java:14)
at java.base/jdk.internal.reflect.DirectMethodHandleAccessor.invoke(DirectMethodHandleAccessor.java:103)
at java.base/java.lang.reflect.Method.invoke(Method.java:580)
at org.testng.internal.invokers.MethodInvocationHelper.invokeMethod(MethodInvocationHelper.java:141)
at org.testng.internal.invokers.TestInvoker.invokeMethod(TestInvoker.java:697)
at org.testng.internal.invokers.TestInvoker.invokeTestMethod(TestInvoker.java:230)
at org.testng.internal.invokers.MethodRunner.runInSequence(MethodRunner.java:63)
at org.testng.internal.invokers.TestInvoker$MethodInvocationAgent.invoke(TestInvoker.java:1005)
at org.testng.internal.invokers.TestInvoker.invokeTestMethods(TestInvoker.java:203)
at org.testng.internal.invokers.TestMethodWorker.invokeTestMethods(TestMethodWorker.java:154)
at org.testng.internal.invokers.TestMethodWorker.run(TestMethodWorker.java:134)
at java.base/java.util.ArrayList.forEach(ArrayList.java:1596)
at org.testng.TestRunner.privateRun(TestRunner.java:744)
at org.testng.TestRunner.run(TestRunner.java:616)
at org.testng.SuiteRunner.runTest(SuiteRunner.java:421)
at org.testng.SuiteRunner.runSequentially(SuiteRunner.java:413)
at org.testng.SuiteRunner.privateRun(SuiteRunner.java:373)
at org.testng.SuiteRunner.run(SuiteRunner.java:312)
at org.testng.SuiteRunnerWorker.runSuite(SuiteRunnerWorker.java:52)
at org.testng.SuiteRunnerWorker.run(SuiteRunnerWorker.java:95)
at org.testng.TestNG.runSuitesSequentially(TestNG.java:1274)
at org.testng.TestNG.runSuitesLocally(TestNG.java:1208)
at org.testng.TestNG.runSuites(TestNG.java:1112)
at org.testng.TestNG.run(TestNG.java:1079)
at org.testng.remote.AbstractRemoteTestNG.run(AbstractRemoteTestNG.java:115)
at org.testng.remote.RemoteTestNG.initAndRun(RemoteTestNG.java:293)
at org.testng.remote.RemoteTestNG.main(RemoteTestNG.java:91)
Caused by: java.lang.IllegalArgumentException: Illegal character found in host: ' '
at java.base/java.net.URLStreamHandler.setURL(URLStreamHandler.java:523)
at java.base/java.net.URLStreamHandler.parseURL(URLStreamHandler.java:326)
at java.base/java.net.URL.<init>(URL.java:801)
... 103 more
]]>
    </error>
  </testcase> <!-- test_01 -->
</testsuite> <!-- parameter_s.query_param -->
